This is pdfTeX, Version 3.141592653-2.6-1.40.27 (TeX Live 2025) (preloaded format=pdflatex 2025.3.11)  2 JUN 2025 17:11
entering extended mode
 \write18 enabled.
 file:line:error style messages enabled.
 %&-line parsing enabled.
**c:/Users/husseins/Desktop/Master_Thesis/Report/Master-Thesis/main
(c:/Users/husseins/Desktop/Master_Thesis/Report/Master-Thesis/main.tex
LaTeX2e <2024-11-01> patch level 2
L3 programming layer <2025-01-18>
(c:/texlive/2025/texmf-dist/tex/latex/base/report.cls
Document Class: report 2024/06/29 v1.4n Standard LaTeX document class
(c:/texlive/2025/texmf-dist/tex/latex/base/size12.clo
File: size12.clo 2024/06/29 v1.4n Standard LaTeX file (size option)
)
\c@part=\count196
\c@chapter=\count197
\c@section=\count198
\c@subsection=\count199
\c@subsubsection=\count266
\c@paragraph=\count267
\c@subparagraph=\count268
\c@figure=\count269
\c@table=\count270
\abovecaptionskip=\skip49
\belowcaptionskip=\skip50
\bibindent=\dimen141
) (./Additional/preamble.tex (c:/texlive/2025/texmf-dist/tex/latex/base/fontenc.sty
Package: fontenc 2021/04/29 v2.0v Standard LaTeX package
) (c:/texlive/2025/texmf-dist/tex/latex/titlesec/titlesec.sty
Package: titlesec 2025/01/04 v2.17 Sectioning titles
\ttl@box=\box52
\beforetitleunit=\skip51
\aftertitleunit=\skip52
\ttl@plus=\dimen142
\ttl@minus=\dimen143
\ttl@toksa=\toks17
\titlewidth=\dimen144
\titlewidthlast=\dimen145
\titlewidthfirst=\dimen146
) (c:/texlive/2025/texmf-dist/tex/latex/tocloft/tocloft.sty
Package: tocloft 2017/08/31 v2.3i parameterised ToC, etc., typesetting
Package tocloft Info: The document has chapter divisions on input line 51.
\cftparskip=\skip53
\cftbeforetoctitleskip=\skip54
\cftaftertoctitleskip=\skip55
\cftbeforepartskip=\skip56
\cftpartnumwidth=\skip57
\cftpartindent=\skip58
\cftbeforechapskip=\skip59
\cftchapindent=\skip60
\cftchapnumwidth=\skip61
\cftbeforesecskip=\skip62
\cftsecindent=\skip63
\cftsecnumwidth=\skip64
\cftbeforesubsecskip=\skip65
\cftsubsecindent=\skip66
\cftsubsecnumwidth=\skip67
\cftbeforesubsubsecskip=\skip68
\cftsubsubsecindent=\skip69
\cftsubsubsecnumwidth=\skip70
\cftbeforeparaskip=\skip71
\cftparaindent=\skip72
\cftparanumwidth=\skip73
\cftbeforesubparaskip=\skip74
\cftsubparaindent=\skip75
\cftsubparanumwidth=\skip76
\cftbeforeloftitleskip=\skip77
\cftafterloftitleskip=\skip78
\cftbeforefigskip=\skip79
\cftfigindent=\skip80
\cftfignumwidth=\skip81
\c@lofdepth=\count271
\c@lotdepth=\count272
\cftbeforelottitleskip=\skip82
\cftafterlottitleskip=\skip83
\cftbeforetabskip=\skip84
\cfttabindent=\skip85
\cfttabnumwidth=\skip86
) (c:/texlive/2025/texmf-dist/tex/latex/geometry/geometry.sty
Package: geometry 2020/01/02 v5.9 Page Geometry
 (c:/texlive/2025/texmf-dist/tex/latex/graphics/keyval.sty
Package: keyval 2022/05/29 v1.15 key=value parser (DPC)
\KV@toks@=\toks18
) (c:/texlive/2025/texmf-dist/tex/generic/iftex/ifvtex.sty
Package: ifvtex 2019/10/25 v1.7 ifvtex legacy package. Use iftex instead.
 (c:/texlive/2025/texmf-dist/tex/generic/iftex/iftex.sty
Package: iftex 2024/12/12 v1.0g TeX engine tests
))
\Gm@cnth=\count273
\Gm@cntv=\count274
\c@Gm@tempcnt=\count275
\Gm@bindingoffset=\dimen147
\Gm@wd@mp=\dimen148
\Gm@odd@mp=\dimen149
\Gm@even@mp=\dimen150
\Gm@layoutwidth=\dimen151
\Gm@layoutheight=\dimen152
\Gm@layouthoffset=\dimen153
\Gm@layoutvoffset=\dimen154
\Gm@dimlist=\toks19
) (c:/texlive/2025/texmf-dist/tex/latex/setspace/setspace.sty
Package: setspace 2022/12/04 v6.7b set line spacing
) (c:/texlive/2025/texmf-dist/tex/latex/graphics/graphicx.sty
Package: graphicx 2021/09/16 v1.2d Enhanced LaTeX Graphics (DPC,SPQR)
 (c:/texlive/2025/texmf-dist/tex/latex/graphics/graphics.sty
Package: graphics 2024/08/06 v1.4g Standard LaTeX Graphics (DPC,SPQR)
 (c:/texlive/2025/texmf-dist/tex/latex/graphics/trig.sty
Package: trig 2023/12/02 v1.11 sin cos tan (DPC)
) (c:/texlive/2025/texmf-dist/tex/latex/graphics-cfg/graphics.cfg
File: graphics.cfg 2016/06/04 v1.11 sample graphics configuration
)
Package graphics Info: Driver file: pdftex.def on input line 106.
 (c:/texlive/2025/texmf-dist/tex/latex/graphics-def/pdftex.def
File: pdftex.def 2024/04/13 v1.2c Graphics/color driver for pdftex
))
\Gin@req@height=\dimen155
\Gin@req@width=\dimen156
) (c:/texlive/2025/texmf-dist/tex/latex/caption/subcaption.sty
Package: subcaption 2023/07/28 v1.6b Sub-captions (AR)
 (c:/texlive/2025/texmf-dist/tex/latex/caption/caption.sty
Package: caption 2023/08/05 v3.6o Customizing captions (AR)
 (c:/texlive/2025/texmf-dist/tex/latex/caption/caption3.sty
Package: caption3 2023/07/31 v2.4d caption3 kernel (AR)
\caption@tempdima=\dimen157
\captionmargin=\dimen158
\caption@leftmargin=\dimen159
\caption@rightmargin=\dimen160
\caption@width=\dimen161
\caption@indent=\dimen162
\caption@parindent=\dimen163
\caption@hangindent=\dimen164
Package caption Info: Standard document class detected.
)
\c@caption@flags=\count276
\c@continuedfloat=\count277
)
Package caption Info: New subtype `subfigure' on input line 238.
\c@subfigure=\count278
Package caption Info: New subtype `subtable' on input line 238.
\c@subtable=\count279
) (c:/texlive/2025/texmf-dist/tex/latex/standalone/standalone.sty
Package: standalone 2025/02/22 v1.5a Package to include TeX sub-files with preambles
 (c:/texlive/2025/texmf-dist/tex/latex/tools/shellesc.sty
Package: shellesc 2023/07/08 v1.0d unified shell escape interface for LaTeX
Package shellesc Info: Unrestricted shell escape enabled on input line 75.
) (c:/texlive/2025/texmf-dist/tex/latex/xkeyval/xkeyval.sty
Package: xkeyval 2022/06/16 v2.9 package option processing (HA)
 (c:/texlive/2025/texmf-dist/tex/generic/xkeyval/xkeyval.tex (c:/texlive/2025/texmf-dist/tex/generic/xkeyval/xkvutils.tex
\XKV@toks=\toks20
\XKV@tempa@toks=\toks21
)
\XKV@depth=\count280
File: xkeyval.tex 2014/12/03 v2.7a key=value parser (HA)
)) (c:/texlive/2025/texmf-dist/tex/latex/currfile/currfile.sty
Package: currfile 2024/03/14 v1.0 Provides the file path elements of the current input file
 (c:/texlive/2025/texmf-dist/tex/latex/kvoptions/kvoptions.sty
Package: kvoptions 2022-06-15 v3.15 Key value format for package options (HO)
 (c:/texlive/2025/texmf-dist/tex/generic/ltxcmds/ltxcmds.sty
Package: ltxcmds 2023-12-04 v1.26 LaTeX kernel commands for general use (HO)
) (c:/texlive/2025/texmf-dist/tex/latex/kvsetkeys/kvsetkeys.sty
Package: kvsetkeys 2022-10-05 v1.19 Key value parser (HO)
)) (c:/texlive/2025/texmf-dist/tex/latex/filehook/filehook.sty
Package: filehook 2022/10/25 v0.8b Hooks for input files
 (c:/texlive/2025/texmf-dist/tex/latex/filehook/filehook-2020.sty
Package: filehook-2020 2022/10/25 v0.8b Hooks for input files
))
\c@currfiledepth=\count281
) (c:/texlive/2025/texmf-dist/tex/latex/gincltex/gincltex.sty (c:/texlive/2025/texmf-dist/tex/latex/svn-prov/svn-prov.sty
Package: svn-prov 2010/04/24 v3.1862 Package Date/Version from SVN Keywords
)
Package: gincltex 2011/09/04 v0.3 Include external LaTeX files like graphics
 (c:/texlive/2025/texmf-dist/tex/latex/adjustbox/adjustbox.sty
Package: adjustbox 2025/02/26 v1.3c Adjusting TeX boxes (trim, clip, ...)
 (c:/texlive/2025/texmf-dist/tex/latex/adjustbox/adjcalc.sty
Package: adjcalc 2012/05/16 v1.1 Provides advanced setlength with multiple back-ends (calc, etex, pgfmath)
) (c:/texlive/2025/texmf-dist/tex/latex/adjustbox/trimclip.sty
Package: trimclip 2025/02/21 v1.2a Trim and clip general TeX material
 (c:/texlive/2025/texmf-dist/tex/latex/collectbox/collectbox.sty
Package: collectbox 2022/10/17 v0.4c Collect macro arguments as boxes
\collectedbox=\box53
)
\tc@llx=\dimen165
\tc@lly=\dimen166
\tc@urx=\dimen167
\tc@ury=\dimen168
Package trimclip Info: Using driver 'tc-pdftex.def'.
 (c:/texlive/2025/texmf-dist/tex/latex/adjustbox/tc-pdftex.def
File: tc-pdftex.def 2025/02/26 v2.3 Clipping driver for pdftex
))
\adjbox@Width=\dimen169
\adjbox@Height=\dimen170
\adjbox@Depth=\dimen171
\adjbox@Totalheight=\dimen172
\adjbox@pwidth=\dimen173
\adjbox@pheight=\dimen174
\adjbox@pdepth=\dimen175
\adjbox@ptotalheight=\dimen176
 (c:/texlive/2025/texmf-dist/tex/latex/ifoddpage/ifoddpage.sty
Package: ifoddpage 2022/10/18 v1.2 Conditionals for odd/even page detection
\c@checkoddpage=\count282
) (c:/texlive/2025/texmf-dist/tex/latex/varwidth/varwidth.sty
Package: varwidth 2009/03/30 ver 0.92;  Variable-width minipages
\@vwid@box=\box54
\sift@deathcycles=\count283
\@vwid@loff=\dimen177
\@vwid@roff=\dimen178
))
\gincltex@box=\box55
) (c:/texlive/2025/texmf-dist/tex/latex/filemod/filemod-expmin.sty
Package: filemod-expmin 2011/09/19 v1.2 Get and compare file modification times (expandable; minimal)
)) (c:/texlive/2025/texmf-dist/tex/latex/amsmath/amsmath.sty
Package: amsmath 2024/11/05 v2.17t AMS math features
\@mathmargin=\skip87

For additional information on amsmath, use the `?' option.
(c:/texlive/2025/texmf-dist/tex/latex/amsmath/amstext.sty
Package: amstext 2021/08/26 v2.01 AMS text
 (c:/texlive/2025/texmf-dist/tex/latex/amsmath/amsgen.sty
File: amsgen.sty 1999/11/30 v2.0 generic functions
\@emptytoks=\toks22
\ex@=\dimen179
)) (c:/texlive/2025/texmf-dist/tex/latex/amsmath/amsbsy.sty
Package: amsbsy 1999/11/29 v1.2d Bold Symbols
\pmbraise@=\dimen180
) (c:/texlive/2025/texmf-dist/tex/latex/amsmath/amsopn.sty
Package: amsopn 2022/04/08 v2.04 operator names
)
\inf@bad=\count284
LaTeX Info: Redefining \frac on input line 233.
\uproot@=\count285
\leftroot@=\count286
LaTeX Info: Redefining \overline on input line 398.
LaTeX Info: Redefining \colon on input line 409.
\classnum@=\count287
\DOTSCASE@=\count288
LaTeX Info: Redefining \ldots on input line 495.
LaTeX Info: Redefining \dots on input line 498.
LaTeX Info: Redefining \cdots on input line 619.
\Mathstrutbox@=\box56
\strutbox@=\box57
LaTeX Info: Redefining \big on input line 721.
LaTeX Info: Redefining \Big on input line 722.
LaTeX Info: Redefining \bigg on input line 723.
LaTeX Info: Redefining \Bigg on input line 724.
\big@size=\dimen181
LaTeX Font Info:    Redeclaring font encoding OML on input line 742.
LaTeX Font Info:    Redeclaring font encoding OMS on input line 743.
\macc@depth=\count289
LaTeX Info: Redefining \bmod on input line 904.
LaTeX Info: Redefining \pmod on input line 909.
LaTeX Info: Redefining \smash on input line 939.
LaTeX Info: Redefining \relbar on input line 969.
LaTeX Info: Redefining \Relbar on input line 970.
\c@MaxMatrixCols=\count290
\dotsspace@=\muskip17
\c@parentequation=\count291
\dspbrk@lvl=\count292
\tag@help=\toks23
\row@=\count293
\column@=\count294
\maxfields@=\count295
\andhelp@=\toks24
\eqnshift@=\dimen182
\alignsep@=\dimen183
\tagshift@=\dimen184
\tagwidth@=\dimen185
\totwidth@=\dimen186
\lineht@=\dimen187
\@envbody=\toks25
\multlinegap=\skip88
\multlinetaggap=\skip89
\mathdisplay@stack=\toks26
LaTeX Info: Redefining \[ on input line 2953.
LaTeX Info: Redefining \] on input line 2954.
) (c:/texlive/2025/texmf-dist/tex/latex/tools/tabularx.sty
Package: tabularx 2023/12/11 v2.12a `tabularx' package (DPC)
 (c:/texlive/2025/texmf-dist/tex/latex/tools/array.sty
Package: array 2024/10/17 v2.6g Tabular extension package (FMi)
\col@sep=\dimen188
\ar@mcellbox=\box58
\extrarowheight=\dimen189
\NC@list=\toks27
\extratabsurround=\skip90
\backup@length=\skip91
\ar@cellbox=\box59
)
\TX@col@width=\dimen190
\TX@old@table=\dimen191
\TX@old@col=\dimen192
\TX@target=\dimen193
\TX@delta=\dimen194
\TX@cols=\count296
\TX@ftn=\toks28
) (c:/texlive/2025/texmf-dist/tex/latex/svg/svg.sty
Package: svg 2020/11/26 v2.02k (include SVG pictures)
 (c:/texlive/2025/texmf-dist/tex/latex/koma-script/scrbase.sty
Package: scrbase 2024/10/24 v3.43 KOMA-Script package (KOMA-Script-independent basics and keyval usage)
 (c:/texlive/2025/texmf-dist/tex/latex/koma-script/scrlfile.sty
Package: scrlfile 2024/10/24 v3.43 KOMA-Script package (file load hooks)
 (c:/texlive/2025/texmf-dist/tex/latex/koma-script/scrlfile-hook.sty
Package: scrlfile-hook 2024/10/24 v3.43 KOMA-Script package (using LaTeX hooks)
 (c:/texlive/2025/texmf-dist/tex/latex/koma-script/scrlogo.sty
Package: scrlogo 2024/10/24 v3.43 KOMA-Script package (logo)
)))
Applying: [2021/05/01] Usage of raw or classic option list on input line 254.
Already applied: [0000/00/00] Usage of raw or classic option list on input line 370.
) (c:/texlive/2025/texmf-dist/tex/generic/pdftexcmds/pdftexcmds.sty
Package: pdftexcmds 2020-06-27 v0.33 Utility functions of pdfTeX for LuaTeX (HO)
 (c:/texlive/2025/texmf-dist/tex/generic/infwarerr/infwarerr.sty
Package: infwarerr 2019/12/03 v1.5 Providing info/warning/error messages (HO)
)
Package pdftexcmds Info: \pdf@primitive is available.
Package pdftexcmds Info: \pdf@ifprimitive is available.
Package pdftexcmds Info: \pdfdraftmode found.
) (c:/texlive/2025/texmf-dist/tex/latex/trimspaces/trimspaces.sty
Package: trimspaces 2009/09/17 v1.1 Trim spaces around a token list
) (c:/texlive/2025/texmf-dist/tex/latex/ifplatform/ifplatform.sty
Package: ifplatform 2017/10/13 v0.4a Testing for the operating system
 (c:/texlive/2025/texmf-dist/tex/generic/catchfile/catchfile.sty
Package: catchfile 2019/12/09 v1.8 Catch the contents of a file (HO)
 (c:/texlive/2025/texmf-dist/tex/generic/etexcmds/etexcmds.sty
Package: etexcmds 2019/12/15 v1.7 Avoid name clashes with e-TeX commands (HO)
)) (c:/texlive/2025/texmf-dist/tex/generic/iftex/ifluatex.sty
Package: ifluatex 2019/10/25 v1.5 ifluatex legacy package. Use iftex instead.
))
\c@svg@param@lastpage=\count297
\svg@box=\box60
\c@svg@param@currpage=\count298
) (c:/texlive/2025/texmf-dist/tex/latex/xcolor/xcolor.sty
Package: xcolor 2024/09/29 v3.02 LaTeX color extensions (UK)
 (c:/texlive/2025/texmf-dist/tex/latex/graphics-cfg/color.cfg
File: color.cfg 2016/01/02 v1.6 sample color configuration
)
Package xcolor Info: Driver file: pdftex.def on input line 274.
 (c:/texlive/2025/texmf-dist/tex/latex/graphics/mathcolor.ltx)
Package xcolor Info: Model `cmy' substituted by `cmy0' on input line 1349.
Package xcolor Info: Model `hsb' substituted by `rgb' on input line 1353.
Package xcolor Info: Model `RGB' extended on input line 1365.
Package xcolor Info: Model `HTML' substituted by `rgb' on input line 1367.
Package xcolor Info: Model `Hsb' substituted by `hsb' on input line 1368.
Package xcolor Info: Model `tHsb' substituted by `hsb' on input line 1369.
Package xcolor Info: Model `HSB' substituted by `hsb' on input line 1370.
Package xcolor Info: Model `Gray' substituted by `gray' on input line 1371.
Package xcolor Info: Model `wave' substituted by `hsb' on input line 1372.
) (c:/texlive/2025/texmf-dist/tex/latex/transparent/transparent.sty
Package: transparent 2022-10-27 v1.5 Transparency with color stacks
 (c:/texlive/2025/texmf-dist/tex/latex/transparent/transparent-nometadata.sty
Package: transparent-nometadata 2022-10-27 v1.5 Transparency via pdfTeX's color stack (HO)
 (c:/texlive/2025/texmf-dist/tex/latex/auxhook/auxhook.sty
Package: auxhook 2019-12-17 v1.6 Hooks for auxiliary files (HO)
))) (c:/texlive/2025/texmf-dist/tex/latex/pgf/systemlayer/pgfsys.sty (c:/texlive/2025/texmf-dist/tex/latex/pgf/utilities/pgfrcs.sty (c:/texlive/2025/texmf-dist/tex/generic/pgf/utilities/pgfutil-common.tex
\pgfutil@everybye=\toks29
\pgfutil@tempdima=\dimen195
\pgfutil@tempdimb=\dimen196
) (c:/texlive/2025/texmf-dist/tex/generic/pgf/utilities/pgfutil-latex.def
\pgfutil@abb=\box61
) (c:/texlive/2025/texmf-dist/tex/generic/pgf/utilities/pgfrcs.code.tex (c:/texlive/2025/texmf-dist/tex/generic/pgf/pgf.revision.tex)
Package: pgfrcs 2023-01-15 v3.1.10 (3.1.10)
)) (c:/texlive/2025/texmf-dist/tex/generic/pgf/systemlayer/pgfsys.code.tex
Package: pgfsys 2023-01-15 v3.1.10 (3.1.10)
 (c:/texlive/2025/texmf-dist/tex/generic/pgf/utilities/pgfkeys.code.tex
\pgfkeys@pathtoks=\toks30
\pgfkeys@temptoks=\toks31
 (c:/texlive/2025/texmf-dist/tex/generic/pgf/utilities/pgfkeyslibraryfiltered.code.tex
\pgfkeys@tmptoks=\toks32
))
\pgf@x=\dimen197
\pgf@y=\dimen198
\pgf@xa=\dimen199
\pgf@ya=\dimen256
\pgf@xb=\dimen257
\pgf@yb=\dimen258
\pgf@xc=\dimen259
\pgf@yc=\dimen260
\pgf@xd=\dimen261
\pgf@yd=\dimen262
\w@pgf@writea=\write3
\r@pgf@reada=\read2
\c@pgf@counta=\count299
\c@pgf@countb=\count300
\c@pgf@countc=\count301
\c@pgf@countd=\count302
\t@pgf@toka=\toks33
\t@pgf@tokb=\toks34
\t@pgf@tokc=\toks35
\pgf@sys@id@count=\count303
 (c:/texlive/2025/texmf-dist/tex/generic/pgf/systemlayer/pgf.cfg
File: pgf.cfg 2023-01-15 v3.1.10 (3.1.10)
)
Driver file for pgf: pgfsys-pdftex.def
 (c:/texlive/2025/texmf-dist/tex/generic/pgf/systemlayer/pgfsys-pdftex.def
File: pgfsys-pdftex.def 2023-01-15 v3.1.10 (3.1.10)
 (c:/texlive/2025/texmf-dist/tex/generic/pgf/systemlayer/pgfsys-common-pdf.def
File: pgfsys-common-pdf.def 2023-01-15 v3.1.10 (3.1.10)
))) (c:/texlive/2025/texmf-dist/tex/generic/pgf/systemlayer/pgfsyssoftpath.code.tex
File: pgfsyssoftpath.code.tex 2023-01-15 v3.1.10 (3.1.10)
\pgfsyssoftpath@smallbuffer@items=\count304
\pgfsyssoftpath@bigbuffer@items=\count305
) (c:/texlive/2025/texmf-dist/tex/generic/pgf/systemlayer/pgfsysprotocol.code.tex
File: pgfsysprotocol.code.tex 2023-01-15 v3.1.10 (3.1.10)
)) (c:/texlive/2025/texmf-dist/tex/latex/hyperref/hyperref.sty
Package: hyperref 2024-11-05 v7.01l Hypertext links for LaTeX
 (c:/texlive/2025/texmf-dist/tex/generic/kvdefinekeys/kvdefinekeys.sty
Package: kvdefinekeys 2019-12-19 v1.6 Define keys (HO)
) (c:/texlive/2025/texmf-dist/tex/generic/pdfescape/pdfescape.sty
Package: pdfescape 2019/12/09 v1.15 Implements pdfTeX's escape features (HO)
) (c:/texlive/2025/texmf-dist/tex/latex/hycolor/hycolor.sty
Package: hycolor 2020-01-27 v1.10 Color options for hyperref/bookmark (HO)
) (c:/texlive/2025/texmf-dist/tex/latex/hyperref/nameref.sty
Package: nameref 2023-11-26 v2.56 Cross-referencing by name of section
 (c:/texlive/2025/texmf-dist/tex/latex/refcount/refcount.sty
Package: refcount 2019/12/15 v3.6 Data extraction from label references (HO)
) (c:/texlive/2025/texmf-dist/tex/generic/gettitlestring/gettitlestring.sty
Package: gettitlestring 2019/12/15 v1.6 Cleanup title references (HO)
)
\c@section@level=\count306
) (c:/texlive/2025/texmf-dist/tex/latex/etoolbox/etoolbox.sty
Package: etoolbox 2025/02/11 v2.5l e-TeX tools for LaTeX (JAW)
\etb@tempcnta=\count307
) (c:/texlive/2025/texmf-dist/tex/generic/stringenc/stringenc.sty
Package: stringenc 2019/11/29 v1.12 Convert strings between diff. encodings (HO)
)
\@linkdim=\dimen263
\Hy@linkcounter=\count308
\Hy@pagecounter=\count309
 (c:/texlive/2025/texmf-dist/tex/latex/hyperref/pd1enc.def
File: pd1enc.def 2024-11-05 v7.01l Hyperref: PDFDocEncoding definition (HO)
Now handling font encoding PD1 ...
... no UTF-8 mapping file for font encoding PD1
) (c:/texlive/2025/texmf-dist/tex/generic/intcalc/intcalc.sty
Package: intcalc 2019/12/15 v1.3 Expandable calculations with integers (HO)
)
\Hy@SavedSpaceFactor=\count310
 (c:/texlive/2025/texmf-dist/tex/latex/hyperref/puenc.def
File: puenc.def 2024-11-05 v7.01l Hyperref: PDF Unicode definition (HO)
Now handling font encoding PU ...
... no UTF-8 mapping file for font encoding PU
)
Package hyperref Info: Hyper figures OFF on input line 4157.
Package hyperref Info: Link nesting OFF on input line 4162.
Package hyperref Info: Hyper index ON on input line 4165.
Package hyperref Info: Plain pages OFF on input line 4172.
Package hyperref Info: Backreferencing OFF on input line 4177.
Package hyperref Info: Implicit mode ON; LaTeX internals redefined.
Package hyperref Info: Bookmarks ON on input line 4424.
\c@Hy@tempcnt=\count311
 (c:/texlive/2025/texmf-dist/tex/latex/url/url.sty
\Urlmuskip=\muskip18
Package: url 2013/09/16  ver 3.4  Verb mode for urls, etc.
)
LaTeX Info: Redefining \url on input line 4763.
\XeTeXLinkMargin=\dimen264
 (c:/texlive/2025/texmf-dist/tex/generic/bitset/bitset.sty
Package: bitset 2019/12/09 v1.3 Handle bit-vector datatype (HO)
 (c:/texlive/2025/texmf-dist/tex/generic/bigintcalc/bigintcalc.sty
Package: bigintcalc 2019/12/15 v1.5 Expandable calculations on big integers (HO)
))
\Fld@menulength=\count312
\Field@Width=\dimen265
\Fld@charsize=\dimen266
Package hyperref Info: Hyper figures OFF on input line 6042.
Package hyperref Info: Link nesting OFF on input line 6047.
Package hyperref Info: Hyper index ON on input line 6050.
Package hyperref Info: backreferencing OFF on input line 6057.
Package hyperref Info: Link coloring OFF on input line 6062.
Package hyperref Info: Link coloring with OCG OFF on input line 6067.
Package hyperref Info: PDF/A mode OFF on input line 6072.
 (c:/texlive/2025/texmf-dist/tex/latex/base/atbegshi-ltx.sty
Package: atbegshi-ltx 2021/01/10 v1.0c Emulation of the original atbegshi
package with kernel methods
)
\Hy@abspage=\count313
\c@Item=\count314
\c@Hfootnote=\count315
)
Package hyperref Info: Driver (autodetected): hpdftex.
 (c:/texlive/2025/texmf-dist/tex/latex/hyperref/hpdftex.def
File: hpdftex.def 2024-11-05 v7.01l Hyperref driver for pdfTeX
 (c:/texlive/2025/texmf-dist/tex/latex/base/atveryend-ltx.sty
Package: atveryend-ltx 2020/08/19 v1.0a Emulation of the original atveryend package
with kernel methods
)
\Fld@listcount=\count316
\c@bookmark@seq@number=\count317
 (c:/texlive/2025/texmf-dist/tex/latex/rerunfilecheck/rerunfilecheck.sty
Package: rerunfilecheck 2022-07-10 v1.10 Rerun checks for auxiliary files (HO)
 (c:/texlive/2025/texmf-dist/tex/generic/uniquecounter/uniquecounter.sty
Package: uniquecounter 2019/12/15 v1.4 Provide unlimited unique counter (HO)
)
Package uniquecounter Info: New unique counter `rerunfilecheck' on input line 285.
)
\Hy@SectionHShift=\skip92
)
Package hyperref Info: Option `colorlinks' set `true' on input line 39.
 (c:/texlive/2025/texmf-dist/tex/latex/glossaries/base/glossaries.sty
Package: glossaries 2025/03/03 v4.56 (NLCT)
 (c:/texlive/2025/texmf-dist/tex/latex/base/ifthen.sty
Package: ifthen 2024/03/16 v1.1e Standard LaTeX ifthen package (DPC)
) (c:/texlive/2025/texmf-dist/tex/latex/mfirstuc/mfirstuc.sty
Package: mfirstuc 2022/10/14 v2.08 (NLCT)
\@glsmfirst=\toks36
\@glsmrest=\toks37
) (c:/texlive/2025/texmf-dist/tex/latex/xfor/xfor.sty
Package: xfor 2009/02/05 v1.05 (NLCT)
) (c:/texlive/2025/texmf-dist/tex/latex/datatool/datatool-base.sty
Package: datatool-base 2025/03/05 v3.0.1 (NLCT)
 (c:/texlive/2025/texmf-dist/tex/latex/tracklang/tracklang.sty
Package: tracklang 2025/03/04 v1.6.5 (NLCT) Track Languages
 (c:/texlive/2025/texmf-dist/tex/generic/tracklang/tracklang.tex)) (c:/texlive/2025/texmf-dist/tex/latex/datatool/datatool-l3fp.def
File: datatool-l3fp.def 2025/03/05 v3.0.1 (NLCT)
)
\@dtl@toks=\toks38
\@dtl@tmpcount=\count318
\dtl@tmplength=\skip93
\l__datatool_measure_box=\box62
\dtl@sortresult=\count319
 (c:/texlive/2025/texmf-dist/tex/latex/datatool/datatool-utf8.ldf
File: datatool-utf8.ldf 2025/03/05 v3.0.1 (NLCT)
)
\@dtl@datatype=\count320
\l__datatool_tmpa_int=\count321
\l__datatool_tmpb_int=\count322
\l__datatool_tmpc_int=\count323
\l__datatool_tmpd_int=\count324
\l__datatool_count_int=\count325
\l__datatool_tmp_datatype_int=\count326
\l__datatool_tmpa_dim=\dimen267
\l__datatool_tmpb_dim=\dimen268
\c_datatool_unknown_int=\count327
\l__datatool_year_int=\count328
\l__datatool_month_int=\count329
\l__datatool_day_int=\count330
\l__datatool_hour_int=\count331
\l__datatool_minute_int=\count332
\l__datatool_second_int=\count333
\l__datatool_tzhour_int=\count334
\l__datatool_tzminute_int=\count335
\l__datatool_julian_int=\count336
\l__datatool_local_julian_int=\count337
\l__datatool_prefix_int=\count338
\l__datatool_suffix_int=\count339
\@dtl@foreach@level=\count340
\dtl@codeA=\count341
\dtl@codeB=\count342
)
\gls@level=\count343
\@gls@tmpb=\toks39
\gls@tmplen=\skip94
\glskeylisttok=\toks40
\glslabeltok=\toks41
\glsshorttok=\toks42
\glslongtok=\toks43
 (c:/texlive/2025/texmf-dist/tex/latex/glossaries/styles/glossary-hypernav.sty
Package: glossary-hypernav 2025/03/03 v4.56 (NLCT)
) (c:/texlive/2025/texmf-dist/tex/latex/glossaries/styles/glossary-list.sty
Package: glossary-list 2025/03/03 v4.56 (NLCT)
\glslistdottedwidth=\skip95
) (c:/texlive/2025/texmf-dist/tex/latex/glossaries/styles/glossary-long.sty
Package: glossary-long 2025/03/03 v4.56 (NLCT)
 (c:/texlive/2025/texmf-dist/tex/latex/tools/longtable.sty
Package: longtable 2024-10-27 v4.22 Multi-page Table package (DPC)
\LTleft=\skip96
\LTright=\skip97
\LTpre=\skip98
\LTpost=\skip99
\LTchunksize=\count344
\LTcapwidth=\dimen269
\LT@head=\box63
\LT@firsthead=\box64
\LT@foot=\box65
\LT@lastfoot=\box66
\LT@gbox=\box67
\LT@cols=\count345
\LT@rows=\count346
\c@LT@tables=\count347
\c@LT@chunks=\count348
\LT@p@ftn=\toks44
)
\glsdescwidth=\skip100
\glspagelistwidth=\skip101
) (c:/texlive/2025/texmf-dist/tex/latex/glossaries/styles/glossary-super.sty
Package: glossary-super 2025/03/03 v4.56 (NLCT)
 (c:/texlive/2025/texmf-dist/tex/latex/supertabular/supertabular.sty
Package: supertabular 2024/07/20 v4.2c the supertabular environment
\c@tracingst=\count349
\ST@wd=\dimen270
\ST@rightskip=\skip102
\ST@leftskip=\skip103
\ST@parfillskip=\skip104
\ST@pageleft=\dimen271
\ST@headht=\dimen272
\ST@tailht=\dimen273
\ST@pagesofar=\dimen274
\ST@pboxht=\dimen275
\ST@rowht=\dimen276
\ST@prevht=\dimen277
\ST@toadd=\dimen278
\ST@dimen=\dimen279
\ST@pbox=\box68
)) (c:/texlive/2025/texmf-dist/tex/latex/glossaries/styles/glossary-tree.sty
Package: glossary-tree 2025/03/03 v4.56 (NLCT)
\glstreeindent=\skip105
))
\glswrite=\write4
\glo@main@file=\write5
\openout5 = `main.glo'.

Package glossaries Info: Writing glossary file main.glo on input line 46.
\glo@acronym@file=\write6
\openout6 = `main.acn'.

Package glossaries Info: Writing glossary file main.acn on input line 46.
) (./Additional/acronym.tex) (c:/texlive/2025/texmf-dist/tex/latex/biblatex/biblatex.sty
Package: biblatex 2024/03/21 v3.20 programmable bibliographies (PK/MW)
 (c:/texlive/2025/texmf-dist/tex/latex/logreq/logreq.sty
Package: logreq 2010/08/04 v1.0 xml request logger
\lrq@indent=\count350
 (c:/texlive/2025/texmf-dist/tex/latex/logreq/logreq.def
File: logreq.def 2010/08/04 v1.0 logreq spec v1.0
))
\c@tabx@nest=\count351
\c@listtotal=\count352
\c@listcount=\count353
\c@liststart=\count354
\c@liststop=\count355
\c@citecount=\count356
\c@citetotal=\count357
\c@multicitecount=\count358
\c@multicitetotal=\count359
\c@instcount=\count360
\c@maxnames=\count361
\c@minnames=\count362
\c@maxitems=\count363
\c@minitems=\count364
\c@citecounter=\count365
\c@maxcitecounter=\count366
\c@savedcitecounter=\count367
\c@uniquelist=\count368
\c@uniquename=\count369
\c@refsection=\count370
\c@refsegment=\count371
\c@maxextratitle=\count372
\c@maxextratitleyear=\count373
\c@maxextraname=\count374
\c@maxextradate=\count375
\c@maxextraalpha=\count376
\c@abbrvpenalty=\count377
\c@highnamepenalty=\count378
\c@lownamepenalty=\count379
\c@maxparens=\count380
\c@parenlevel=\count381
\blx@tempcnta=\count382
\blx@tempcntb=\count383
\blx@tempcntc=\count384
\c@blx@maxsection=\count385
\blx@maxsegment@0=\count386
\blx@notetype=\count387
\blx@parenlevel@text=\count388
\blx@parenlevel@foot=\count389
\blx@sectionciteorder@0=\count390
\blx@sectionciteorderinternal@0=\count391
\blx@entrysetcounter=\count392
\blx@biblioinstance=\count393
\labelnumberwidth=\skip106
\labelalphawidth=\skip107
\biblabelsep=\skip108
\bibitemsep=\skip109
\bibnamesep=\skip110
\bibinitsep=\skip111
\bibparsep=\skip112
\bibhang=\skip113
\blx@bcfin=\read3
\blx@bcfout=\write7
\blx@langwohyphens=\language90
\c@mincomprange=\count394
\c@maxcomprange=\count395
\c@mincompwidth=\count396
Package biblatex Info: Trying to load biblatex default data model...
Package biblatex Info: ... file 'blx-dm.def' found.
 (c:/texlive/2025/texmf-dist/tex/latex/biblatex/blx-dm.def
File: blx-dm.def 2024/03/21 v3.20 biblatex datamodel (PK/MW)
)
Package biblatex Info: Trying to load biblatex style data model...
Package biblatex Info: ... file 'ieee.dbx' not found.
Package biblatex Info: Trying to load biblatex custom data model...
Package biblatex Info: ... file 'biblatex-dm.cfg' not found.
\c@afterword=\count397
\c@savedafterword=\count398
\c@annotator=\count399
\c@savedannotator=\count400
\c@author=\count401
\c@savedauthor=\count402
\c@bookauthor=\count403
\c@savedbookauthor=\count404
\c@commentator=\count405
\c@savedcommentator=\count406
\c@editor=\count407
\c@savededitor=\count408
\c@editora=\count409
\c@savededitora=\count410
\c@editorb=\count411
\c@savededitorb=\count412
\c@editorc=\count413
\c@savededitorc=\count414
\c@foreword=\count415
\c@savedforeword=\count416
\c@holder=\count417
\c@savedholder=\count418
\c@introduction=\count419
\c@savedintroduction=\count420
\c@namea=\count421
\c@savednamea=\count422
\c@nameb=\count423
\c@savednameb=\count424
\c@namec=\count425
\c@savednamec=\count426
\c@translator=\count427
\c@savedtranslator=\count428
\c@shortauthor=\count429
\c@savedshortauthor=\count430
\c@shorteditor=\count431
\c@savedshorteditor=\count432
\c@labelname=\count433
\c@savedlabelname=\count434
\c@institution=\count435
\c@savedinstitution=\count436
\c@lista=\count437
\c@savedlista=\count438
\c@listb=\count439
\c@savedlistb=\count440
\c@listc=\count441
\c@savedlistc=\count442
\c@listd=\count443
\c@savedlistd=\count444
\c@liste=\count445
\c@savedliste=\count446
\c@listf=\count447
\c@savedlistf=\count448
\c@location=\count449
\c@savedlocation=\count450
\c@organization=\count451
\c@savedorganization=\count452
\c@origlocation=\count453
\c@savedoriglocation=\count454
\c@origpublisher=\count455
\c@savedorigpublisher=\count456
\c@publisher=\count457
\c@savedpublisher=\count458
\c@language=\count459
\c@savedlanguage=\count460
\c@origlanguage=\count461
\c@savedoriglanguage=\count462
\c@pageref=\count463
\c@savedpageref=\count464
\shorthandwidth=\skip114
\shortjournalwidth=\skip115
\shortserieswidth=\skip116
\shorttitlewidth=\skip117
\shortauthorwidth=\skip118
\shorteditorwidth=\skip119
\locallabelnumberwidth=\skip120
\locallabelalphawidth=\skip121
\localshorthandwidth=\skip122
\localshortjournalwidth=\skip123
\localshortserieswidth=\skip124
\localshorttitlewidth=\skip125
\localshortauthorwidth=\skip126
\localshorteditorwidth=\skip127
Package biblatex Info: Trying to load compatibility code...
Package biblatex Info: ... file 'blx-compat.def' found.
 (c:/texlive/2025/texmf-dist/tex/latex/biblatex/blx-compat.def
File: blx-compat.def 2024/03/21 v3.20 biblatex compatibility (PK/MW)
)
Package biblatex Info: Trying to load generic definitions...
Package biblatex Info: ... file 'biblatex.def' found.
 (c:/texlive/2025/texmf-dist/tex/latex/biblatex/biblatex.def
File: biblatex.def 2024/03/21 v3.20 biblatex compatibility (PK/MW)
\c@textcitecount=\count465
\c@textcitetotal=\count466
\c@textcitemaxnames=\count467
\c@biburlbigbreakpenalty=\count468
\c@biburlbreakpenalty=\count469
\c@biburlnumpenalty=\count470
\c@biburlucpenalty=\count471
\c@biburllcpenalty=\count472
\biburlbigskip=\muskip19
\biburlnumskip=\muskip20
\biburlucskip=\muskip21
\biburllcskip=\muskip22
\c@smartand=\count473
)
Package biblatex Info: Trying to load bibliography style 'ieee'...
Package biblatex Info: ... file 'ieee.bbx' found.
 (c:/texlive/2025/texmf-dist/tex/latex/biblatex-ieee/ieee.bbx
File: ieee.bbx 2025-01-15 v1.4c biblatex bibliography style
Package biblatex Info: Trying to load bibliography style 'numeric-comp'...
Package biblatex Info: ... file 'numeric-comp.bbx' found.
 (c:/texlive/2025/texmf-dist/tex/latex/biblatex/bbx/numeric-comp.bbx
File: numeric-comp.bbx 2024/03/21 v3.20 biblatex bibliography style (PK/MW)
Package biblatex Info: Trying to load bibliography style 'numeric'...
Package biblatex Info: ... file 'numeric.bbx' found.
 (c:/texlive/2025/texmf-dist/tex/latex/biblatex/bbx/numeric.bbx
File: numeric.bbx 2024/03/21 v3.20 biblatex bibliography style (PK/MW)
Package biblatex Info: Trying to load bibliography style 'standard'...
Package biblatex Info: ... file 'standard.bbx' found.
 (c:/texlive/2025/texmf-dist/tex/latex/biblatex/bbx/standard.bbx
File: standard.bbx 2024/03/21 v3.20 biblatex bibliography style (PK/MW)
\c@bbx:relatedcount=\count474
\c@bbx:relatedtotal=\count475
))))
Package biblatex Info: Trying to load citation style 'ieee'...
Package biblatex Info: ... file 'ieee.cbx' found.
 (c:/texlive/2025/texmf-dist/tex/latex/biblatex-ieee/ieee.cbx
File: ieee.cbx 2025-01-15 v1.4c biblatex citation style
Package biblatex Info: Trying to load citation style 'numeric-verb'...
Package biblatex Info: ... file 'numeric-verb.cbx' found.
 (c:/texlive/2025/texmf-dist/tex/latex/biblatex/cbx/numeric-verb.cbx
File: numeric-verb.cbx 2024/03/21 v3.20 biblatex citation style (PK/MW)
Package biblatex Info: Redefining '\cite'.
Package biblatex Info: Redefining '\parencite'.
Package biblatex Info: Redefining '\footcite'.
Package biblatex Info: Redefining '\footcitetext'.
Package biblatex Info: Redefining '\smartcite'.
Package biblatex Info: Redefining '\textcite'.
Package biblatex Info: Redefining '\supercite'.
Package biblatex Info: Redefining '\parencites'.
Package biblatex Info: Redefining '\smartcites'.
Package biblatex Info: Redefining '\textcites'.
))
Package biblatex Info: Trying to load configuration file...
Package biblatex Info: ... file 'biblatex.cfg' found.
 (c:/texlive/2025/texmf-dist/tex/latex/biblatex/biblatex.cfg
File: biblatex.cfg 
)
Package biblatex Info: Input encoding 'utf8' detected.
Package biblatex Info: Document encoding is UTF8 ....
 (c:/texlive/2025/texmf-dist/tex/latex/l3kernel/expl3.sty
Package: expl3 2025-01-18 L3 programming layer (loader) 
 (c:/texlive/2025/texmf-dist/tex/latex/l3backend/l3backend-pdftex.def
File: l3backend-pdftex.def 2024-05-08 L3 backend support: PDF output (pdfTeX)
\l__color_backend_stack_int=\count476
\l__pdf_internal_box=\box69
))
Package biblatex Info: ... and expl3
(biblatex)             2025-01-18 L3 programming layer (loader) 
(biblatex)             is new enough (at least 2020/04/06),
(biblatex)             setting 'casechanger=expl3'.
 (c:/texlive/2025/texmf-dist/tex/latex/biblatex/blx-case-expl3.sty (c:/texlive/2025/texmf-dist/tex/latex/l3packages/xparse/xparse.sty
Package: xparse 2024-08-16 L3 Experimental document command parser
)
Package: blx-case-expl3 2024/03/21 v3.20 expl3 case changing code for biblatex
))
\@quotelevel=\count477
\@quotereset=\count478
 (./main.aux (./Additional/coverPage.aux) (./Additional/abstract.aux) (./acronym.aux) (./Chapters/introduction.aux) (./Chapters/Technical_Background.aux) (./Chapters/Methodology.aux) (./Chapters/Conclusion.aux))
\openout1 = `main.aux'.

LaTeX Font Info:    Checking defaults for OML/cmm/m/it on input line 11.
LaTeX Font Info:    ... okay on input line 11.
LaTeX Font Info:    Checking defaults for OMS/cmsy/m/n on input line 11.
LaTeX Font Info:    ... okay on input line 11.
LaTeX Font Info:    Checking defaults for OT1/cmr/m/n on input line 11.
LaTeX Font Info:    ... okay on input line 11.
LaTeX Font Info:    Checking defaults for T1/cmr/m/n on input line 11.
LaTeX Font Info:    ... okay on input line 11.
LaTeX Font Info:    Checking defaults for TS1/cmr/m/n on input line 11.
LaTeX Font Info:    ... okay on input line 11.
LaTeX Font Info:    Checking defaults for OMX/cmex/m/n on input line 11.
LaTeX Font Info:    ... okay on input line 11.
LaTeX Font Info:    Checking defaults for U/cmr/m/n on input line 11.
LaTeX Font Info:    ... okay on input line 11.
LaTeX Font Info:    Checking defaults for PD1/pdf/m/n on input line 11.
LaTeX Font Info:    ... okay on input line 11.
LaTeX Font Info:    Checking defaults for PU/pdf/m/n on input line 11.
LaTeX Font Info:    ... okay on input line 11.

*geometry* driver: auto-detecting
*geometry* detected driver: pdftex
*geometry* verbose mode - [ preamble ] result:
* driver: pdftex
* paper: a4paper
* layout: <same size as paper>
* layoutoffset:(h,v)=(0.0pt,0.0pt)
* modes: 
* h-part:(L,W,R)=(72.26999pt, 452.9679pt, 72.26999pt)
* v-part:(T,H,B)=(72.26999pt, 700.50687pt, 72.26999pt)
* \paperwidth=597.50787pt
* \paperheight=845.04684pt
* \textwidth=452.9679pt
* \textheight=700.50687pt
* \oddsidemargin=0.0pt
* \evensidemargin=0.0pt
* \topmargin=-37.0pt
* \headheight=12.0pt
* \headsep=25.0pt
* \topskip=12.0pt
* \footskip=30.0pt
* \marginparwidth=35.0pt
* \marginparsep=10.0pt
* \columnsep=10.0pt
* \skip\footins=10.8pt plus 4.0pt minus 2.0pt
* \hoffset=0.0pt
* \voffset=0.0pt
* \mag=1000
* \@twocolumnfalse
* \@twosidefalse
* \@mparswitchfalse
* \@reversemarginfalse
* (1in=72.27pt=25.4mm, 1cm=28.453pt)

(c:/texlive/2025/texmf-dist/tex/context/base/mkii/supp-pdf.mkii
[Loading MPS to PDF converter (version 2006.09.02).]
\scratchcounter=\count479
\scratchdimen=\dimen280
\scratchbox=\box70
\nofMPsegments=\count480
\nofMParguments=\count481
\everyMPshowfont=\toks45
\MPscratchCnt=\count482
\MPscratchDim=\dimen281
\MPnumerator=\count483
\makeMPintoPDFobject=\count484
\everyMPtoPDFconversion=\toks46
) (c:/texlive/2025/texmf-dist/tex/latex/epstopdf-pkg/epstopdf-base.sty
Package: epstopdf-base 2020-01-24 v2.11 Base part for package epstopdf
Package epstopdf-base Info: Redefining graphics rule for `.eps' on input line 485.
 (c:/texlive/2025/texmf-dist/tex/latex/latexconfig/epstopdf-sys.cfg
File: epstopdf-sys.cfg 2010/07/13 v1.3 Configuration of (r)epstopdf for TeX Live
))
Package caption Info: Begin \AtBeginDocument code.
Package caption Info: hyperref package is loaded.
Package caption Info: longtable package is loaded.
 (c:/texlive/2025/texmf-dist/tex/latex/caption/ltcaption.sty
Package: ltcaption 2021/01/08 v1.4c longtable captions (AR)
)
Package caption Info: supertabular package is loaded.
Package caption Info: End \AtBeginDocument code.
 (|'inkscape' -V )

Package svg Warning: No version of Inkscape was detected by invoking
(svg)                `inkscape -V'
(svg)                so the Inkscape export will fail quite sure as the
(svg)                command is probably unknown to your OS. You could set
(svg)                `inkscapeversion=<version>' manually but this is very
(svg)                unlikely to work on input line 11.

Package hyperref Info: Link coloring ON on input line 11.
(./main.out) (./main.out)
\@outlinefile=\write8
\openout8 = `main.out'.

Package biblatex Info: Trying to load language 'english'...
Package biblatex Info: ... file 'english.lbx' found.
 (c:/texlive/2025/texmf-dist/tex/latex/biblatex/lbx/english.lbx
File: english.lbx 2024/03/21 v3.20 biblatex localization (PK/MW)
)
Package biblatex Info: Input encoding 'utf8' detected.
Package biblatex Info: Automatic encoding selection.
(biblatex)             Assuming data encoding 'utf8'.
\openout7 = `main.bcf'.

Package biblatex Info: Trying to load bibliographic data...
Package biblatex Info: ... file 'main.bbl' found.
 (./main.bbl)
Package biblatex Info: Reference section=0 on input line 11.
Package biblatex Info: Reference segment=0 on input line 11.
\openout2 = `Additional/coverPage.aux'.

 (./Additional/coverPage.tex
<Figures/FH_Logo.png, id=179, 245.061pt x 94.608pt>
File: Figures/FH_Logo.png Graphic file (type png)
<use Figures/FH_Logo.png>
Package pdftex.def Info: Figures/FH_Logo.png  used on input line 7.
(pdftex.def)             Requested size: 339.72592pt x 131.1698pt.


[1

\openout4 = `main.ist'.


{c:/texlive/2025/texmf-var/fonts/map/pdftex/updmap/pdftex.map}{c:/texlive/2025/texmf-dist/fonts/enc/dvips/cm-super/cm-super-t1.enc} <./Figures/FH_Logo.png>])
\openout2 = `Additional/abstract.aux'.

 (./Additional/abstract.tex


pdfTeX warning (ext4): destination with the same identifier (name{page.1}) has been already used, duplicate ignored
<to be read again> 
                   \relax 
l.13 \end{abstract}
                    [1



]) (./main.toc


pdfTeX warning (ext4): destination with the same identifier (name{page.1}) has been already used, duplicate ignored
<to be read again> 
                   \relax 
l.47 ...mberline {3.2}Test Setup}{50}{section.3.2}
                                                  % [1


])
\tf@toc=\write9
\openout9 = `main.toc'.


No file main.acr.


[2]
\openout2 = `acronym.aux'.


No file acronym.tex.
\openout2 = `chapters/introduction.aux'.

(./Chapters/Introduction.tex
Chapter 1.


[3





])

[4]
\openout2 = `chapters/Technical_Background.aux'.

 (./Chapters/Technical_Background.tex
Chapter 2.


[5




]
<Figures/GRA_Telltale_ON_ExpectedResult.jpg, id=347, 649.67719pt x 41.4047pt>
File: Figures/GRA_Telltale_ON_ExpectedResult.jpg Graphic file (type jpg)
<use Figures/GRA_Telltale_ON_ExpectedResult.jpg>
Package pdftex.def Info: Figures/GRA_Telltale_ON_ExpectedResult.jpg  used on input line 17.
(pdftex.def)             Requested size: 362.37569pt x 23.09485pt.
<Figures/GRA_Telltale_OFF_DashboardFailure.jpg, id=350, 1858.69406pt x 155.07938pt>
File: Figures/GRA_Telltale_OFF_DashboardFailure.jpg Graphic file (type jpg)
<use Figures/GRA_Telltale_OFF_DashboardFailure.jpg>
Package pdftex.def Info: Figures/GRA_Telltale_OFF_DashboardFailure.jpg  used on input line 25.
(pdftex.def)             Requested size: 362.37569pt x 30.23444pt.


[6 <./Figures/GRA_Telltale_ON_ExpectedResult.jpg> <./Figures/GRA_Telltale_OFF_DashboardFailure.jpg>]

[7{c:/texlive/2025/texmf-dist/fonts/enc/dvips/cm-super/cm-super-ts1.enc}]
<Figures/V-model.jpg, id=395, 1405.25pt x 906.38625pt>
File: Figures/V-model.jpg Graphic file (type jpg)
<use Figures/V-model.jpg>
Package pdftex.def Info: Figures/V-model.jpg  used on input line 56.
(pdftex.def)             Requested size: 317.07614pt x 204.50897pt.


[8 <./Figures/V-model.jpg>]
Underfull \hbox (badness 1052) in paragraph at lines 89--89
[]|\T1/cmr/m/n/12 Consistent ex-e-cu-tion, with the
 []


Underfull \hbox (badness 2103) in paragraph at lines 90--90
[]|\T1/cmr/m/n/12 Broad test cov-er-age, can run
 []


Underfull \hbox (badness 1308) in paragraph at lines 92--92
[]|\T1/cmr/bx/n/12 Error Dis-cov-
 []


Underfull \hbox (badness 2197) in paragraph at lines 92--92
[]|\T1/cmr/m/n/12 Effective in iden-ti-fy-ing re-gres-
 []


Underfull \hbox (badness 1748) in paragraph at lines 93--93
\T1/cmr/m/n/12 tester's knowl-edge and ex-pe-ri-
 []


Overfull \hbox (11.42339pt too wide) in paragraph at lines 85--95
 [][] 
 []



[9]

[10]
<Figures/Object_detection.PNG, id=456, 389.95688pt x 222.07968pt>
File: Figures/Object_detection.PNG Graphic file (type png)
<use Figures/Object_detection.PNG>
Package pdftex.def Info: Figures/Object_detection.PNG  used on input line 119.
(pdftex.def)             Requested size: 317.07614pt x 180.5816pt.
<Figures/OD_Mindmape.PNG, id=468, 695.59875pt x 634.62094pt>
File: Figures/OD_Mindmape.PNG Graphic file (type png)
<use Figures/OD_Mindmape.PNG>
Package pdftex.def Info: Figures/OD_Mindmape.PNG  used on input line 128.
(pdftex.def)             Requested size: 317.07614pt x 289.27588pt.


[11]

[12 <./Figures/Object_detection.PNG> <./Figures/OD_Mindmape.PNG>]

[13]
<Figures/HOG_Histogram_image.PNG, id=527, 624.83438pt x 408.02437pt>
File: Figures/HOG_Histogram_image.PNG Graphic file (type png)
<use Figures/HOG_Histogram_image.PNG>
Package pdftex.def Info: Figures/HOG_Histogram_image.PNG  used on input line 170.
(pdftex.def)             Requested size: 317.07614pt x 207.05617pt.


[14]

[15 <./Figures/HOG_Histogram_image.PNG>]

[16]
<Figures/deepLearn_2_EN.png, id=615, 752.265pt x 376.023pt>
File: Figures/deepLearn_2_EN.png Graphic file (type png)
<use Figures/deepLearn_2_EN.png>
Package pdftex.def Info: Figures/deepLearn_2_EN.png  used on input line 203.
(pdftex.def)             Requested size: 407.66833pt x 203.77806pt.


[17 <./Figures/deepLearn_2_EN.png>]
<Figures/Full_cnn.PNG, id=654, 989.19562pt x 348.55219pt>
File: Figures/Full_cnn.PNG Graphic file (type png)
<use Figures/Full_cnn.PNG>
Package pdftex.def Info: Figures/Full_cnn.PNG  used on input line 217.
(pdftex.def)             Requested size: 407.66833pt x 143.64125pt.


[18 <./Figures/Full_cnn.PNG>]
<Figures/CNN_CL.PNG, id=679, 860.21375pt x 488.82625pt>
File: Figures/CNN_CL.PNG Graphic file (type png)
<use Figures/CNN_CL.PNG>
Package pdftex.def Info: Figures/CNN_CL.PNG  used on input line 233.
(pdftex.def)             Requested size: 407.66833pt x 231.6653pt.


[19 <./Figures/CNN_CL.PNG>]

[20]
<Figures/RCNN.PNG, id=733, 624.83438pt x 173.89969pt>
File: Figures/RCNN.PNG Graphic file (type png)
<use Figures/RCNN.PNG>
Package pdftex.def Info: Figures/RCNN.PNG  used on input line 268.
(pdftex.def)             Requested size: 407.66833pt x 113.46065pt.
<Figures/SPP.PNG, id=751, 1045.65656pt x 395.22656pt>
File: Figures/SPP.PNG Graphic file (type png)
<use Figures/SPP.PNG>
Package pdftex.def Info: Figures/SPP.PNG  used on input line 279.
(pdftex.def)             Requested size: 407.66833pt x 154.08948pt.


[21 <./Figures/RCNN.PNG>]
<Figures/Fast-RCNN.PNG, id=775, 909.3975pt x 187.45032pt>
File: Figures/Fast-RCNN.PNG Graphic file (type png)
<use Figures/Fast-RCNN.PNG>
Package pdftex.def Info: Figures/Fast-RCNN.PNG  used on input line 290.
(pdftex.def)             Requested size: 407.66833pt x 84.0315pt.


[22 <./Figures/SPP.PNG> <./Figures/Fast-RCNN.PNG>]
<Figures/YOLO.PNG, id=814, 1026.08344pt x 433.62pt>
File: Figures/YOLO.PNG Graphic file (type png)
<use Figures/YOLO.PNG>
Package pdftex.def Info: Figures/YOLO.PNG  used on input line 313.
(pdftex.def)             Requested size: 407.66833pt x 172.28043pt.


LaTeX Warning: `!h' float specifier changed to `!ht'.



[23]

[24 <./Figures/YOLO.PNG>]
<Figures/SSD.PNG, id=895, 1014.79124pt x 295.1025pt>
File: Figures/SSD.PNG Graphic file (type png)
<use Figures/SSD.PNG>
Package pdftex.def Info: Figures/SSD.PNG  used on input line 357.
(pdftex.def)             Requested size: 407.66833pt x 118.54773pt.


[25 <./Figures/SSD.PNG>]
<Figures/ratina-net.PNG, id=919, 1239.12938pt x 346.29375pt>
File: Figures/ratina-net.PNG Graphic file (type png)
<use Figures/ratina-net.PNG>
Package pdftex.def Info: Figures/ratina-net.PNG  used on input line 370.
(pdftex.def)             Requested size: 407.66833pt x 113.92854pt.


[26 <./Figures/ratina-net.PNG>]
<Figures/LADet.PNG, id=943, 1291.07344pt x 273.27094pt>
File: Figures/LADet.PNG Graphic file (type png)
<use Figures/LADet.PNG>
Package pdftex.def Info: Figures/LADet.PNG  used on input line 383.
(pdftex.def)             Requested size: 407.66833pt x 86.28511pt.


[27 <./Figures/LADet.PNG>]
<Figures/Training_Sample_1.jpg, id=994, 642.4pt x 642.4pt>
File: Figures/Training_Sample_1.jpg Graphic file (type jpg)
<use Figures/Training_Sample_1.jpg>
Package pdftex.def Info: Figures/Training_Sample_1.jpg  used on input line 404.
(pdftex.def)             Requested size: 317.07614pt x 317.08228pt.


[28]

[29 <./Figures/Training_Sample_1.jpg>]

[30]
<Figures/OD_Labeling.png, id=1057, 893.13675pt x 470.9595pt>
File: Figures/OD_Labeling.png Graphic file (type png)
<use Figures/OD_Labeling.png>
Package pdftex.def Info: Figures/OD_Labeling.png  used on input line 435.
(pdftex.def)             Requested size: 317.07614pt x 167.19537pt.


[31 <./Figures/OD_Labeling.png>]

[32]

[33]

[34]

[35]
<Figures/Line-Scan-v-Area-Scan.png, id=1141, 803.0pt x 368.37625pt>
File: Figures/Line-Scan-v-Area-Scan.png Graphic file (type png)
<use Figures/Line-Scan-v-Area-Scan.png>
Package pdftex.def Info: Figures/Line-Scan-v-Area-Scan.png  used on input line 493.
(pdftex.def)             Requested size: 317.07614pt x 145.45923pt.


[36 <./Figures/Line-Scan-v-Area-Scan.png>]
<Figures/RES_COMP.png, id=1160, 782.925pt x 537.50812pt>
File: Figures/RES_COMP.png Graphic file (type png)
<use Figures/RES_COMP.png>
Package pdftex.def Info: Figures/RES_COMP.png  used on input line 505.
(pdftex.def)             Requested size: 317.07614pt x 217.68959pt.


[37 <./Figures/RES_COMP.png>]

[38]
<Figures/HDR.PNG, id=1217, 590.205pt x 335.00156pt>
File: Figures/HDR.PNG Graphic file (type png)
<use Figures/HDR.PNG>
Package pdftex.def Info: Figures/HDR.PNG  used on input line 528.
(pdftex.def)             Requested size: 203.83417pt x 115.69322pt.
<Figures/SDR.PNG, id=1220, 590.205pt x 335.00156pt>
File: Figures/SDR.PNG Graphic file (type png)
<use Figures/SDR.PNG>
Package pdftex.def Info: Figures/SDR.PNG  used on input line 536.
(pdftex.def)             Requested size: 203.83417pt x 115.69322pt.


[39 <./Figures/HDR.PNG> <./Figures/SDR.PNG>]
<Figures/sensor-chart.jpg, id=1262, 722.7pt x 405.515pt>
File: Figures/sensor-chart.jpg Graphic file (type jpg)
<use Figures/sensor-chart.jpg>
Package pdftex.def Info: Figures/sensor-chart.jpg  used on input line 556.
(pdftex.def)             Requested size: 362.37569pt x 203.33244pt.


[40]

[41 <./Figures/sensor-chart.jpg>]

[42]
<Figures/HiL_test_setup.png, id=1334, 1002.74625pt x 511.9125pt>
File: Figures/HiL_test_setup.png Graphic file (type png)
<use Figures/HiL_test_setup.png>
Package pdftex.def Info: Figures/HiL_test_setup.png  used on input line 595.
(pdftex.def)             Requested size: 317.07614pt x 161.87036pt.


[43]

[44 <./Figures/HiL_test_setup.png (PNG copy)>]
Underfull \hbox (badness 10000) in paragraph at lines 635--635
[]|\T1/cmr/m/n/12 Analog and dig-i-tal
 []



[45]

[46])

[47]
\openout2 = `chapters/Methodology.aux'.

 (./Chapters/Methodology.tex
Chapter 3.


[48




]
<Figures/Project_overview.png, id=1515, 387.3015pt x 426.7215pt>
File: Figures/Project_overview.png Graphic file (type png)
<use Figures/Project_overview.png>
Package pdftex.def Info: Figures/Project_overview.png  used on input line 23.
(pdftex.def)             Requested size: 271.7835pt x 299.45831pt.


[49 <./Figures/Project_overview.png>]
<Figures/In-Sight 9000 in hand.jpg, id=1547, 752.8125pt x 602.25pt>
File: Figures/In-Sight 9000 in hand.jpg Graphic file (type jpg)
<use Figures/In-Sight 9000 in hand.jpg>
Package pdftex.def Info: Figures/In-Sight 9000 in hand.jpg  used on input line 46.
(pdftex.def)             Requested size: 226.48395pt x 181.18181pt.


[50]
<Figures/diagrams/Image_Capturing.pdf, id=1571, 145.50359pt x 377.49028pt>
File: Figures/diagrams/Image_Capturing.pdf Graphic file (type pdf)
<use Figures/diagrams/Image_Capturing.pdf>
Package pdftex.def Info: Figures/diagrams/Image_Capturing.pdf  used on input line 57.
(pdftex.def)             Requested size: 135.89174pt x 352.55994pt.


[51 <./Figures/In-Sight 9000 in hand.jpg>]
<Figures/Light_Control_Box.jpg, id=1593, 3035.34pt x 4047.12pt>
File: Figures/Light_Control_Box.jpg Graphic file (type jpg)
<use Figures/Light_Control_Box.jpg>
Package pdftex.def Info: Figures/Light_Control_Box.jpg  used on input line 77.
(pdftex.def)             Requested size: 271.7835pt x 362.37247pt.


[52 <./Figures/diagrams/Image_Capturing.pdf>]
<Figures/Camera_Mounting.jpg, id=1620, 4047.12pt x 3035.34pt>
File: Figures/Camera_Mounting.jpg Graphic file (type jpg)
<use Figures/Camera_Mounting.jpg>
Package pdftex.def Info: Figures/Camera_Mounting.jpg  used on input line 86.
(pdftex.def)             Requested size: 271.7835pt x 203.8345pt.
<Figures/db_mounting.jpg, id=1623, 4047.12pt x 3035.34pt>
File: Figures/db_mounting.jpg Graphic file (type jpg)
<use Figures/db_mounting.jpg>
Package pdftex.def Info: Figures/db_mounting.jpg  used on input line 93.
(pdftex.def)             Requested size: 271.7835pt x 203.8345pt.


[53 <./Figures/Light_Control_Box.jpg>]

[54 <./Figures/Camera_Mounting.jpg> <./Figures/db_mounting.jpg>])

[55]
\openout2 = `Chapters/Conclusion.aux'.

 (./Chapters/Conclusion.tex
Chapter 4.
)

[56




]
Overfull \hbox (28.8098pt too wide) in paragraph at lines 31--31
\T1/cmtt/m/n/12 com / introduction -[] of -[] software -[] development -[] life -[] cycle -[] v -[] model -[] ae49da7eab25$[][]\T1/cmr/m/n/12 . 
 []


Overfull \hbox (6.02625pt too wide) in paragraph at lines 31--31
\T1/cmtt/m/n/12 com / blog / 2019 / 09 / feature -[] engineering -[] images -[] introduction -[] hog -[] feature -[]
 []



[57



]
Overfull \hbox (0.7162pt too wide) in paragraph at lines 31--31
[]\T1/cmr/m/n/12 Ultralytics. ``Yolo: A brief his-tory.'' Ac-cessed: 2025-01-13. [On-line]. Avail-able: [][]$\T1/cmtt/m/n/12 https :
 []



[58]
Overfull \hbox (3.11583pt too wide) in paragraph at lines 31--31
\T1/cmtt/m/n/12 vision / 2d -[] machine -[] vision -[] systems / in -[] sight -[] 9000 -[] series / specifications$[][]\T1/cmr/m/n/12 . 
 []


Overfull \hbox (2.6759pt too wide) in paragraph at lines 31--31
[]\T1/cmr/m/n/12 Cognex. ``In-sight com-mu-ni-ca-tions.'' Ac-cessed: 2025-06-2. [On-line]. Avail-able: [][]$\T1/cmtt/m/n/12 https :
 []


Overfull \hbox (22.04672pt too wide) in paragraph at lines 31--31
\T1/cmtt/m/n/12 Reference / In -[] SightCommunications . htm ? tocpath = Communications % 20Reference %
 []



[59]

[60] (./main.aux (./Additional/coverPage.aux) (./Additional/abstract.aux) (./acronym.aux) (./Chapters/introduction.aux) (./Chapters/Technical_Background.aux) (./Chapters/Methodology.aux) (./Chapters/Conclusion.aux))
 ***********
LaTeX2e <2024-11-01> patch level 2
L3 programming layer <2025-01-18>
 ***********
Package rerunfilecheck Info: File `main.out' has not changed.
(rerunfilecheck)             Checksum: AEB9502FBAB5E81D5867AEF8B9918E80;6868.
Package logreq Info: Writing requests to 'main.run.xml'.
\openout1 = `main.run.xml'.

 ) 
Here is how much of TeX's memory you used:
 32108 strings out of 473189
 606382 string characters out of 5719958
 1502842 words of memory out of 5000000
 54636 multiletter control sequences out of 15000+600000
 572729 words of font info for 63 fonts, out of 8000000 for 9000
 1141 hyphenation exceptions out of 8191
 100i,10n,96p,2450b,1532s stack positions out of 10000i,1000n,20000p,200000b,200000s

pdfTeX warning (dest): name{glo:ftp} has been referenced but does not exist, replaced by a fixed one


pdfTeX warning (dest): name{glo:telnet} has been referenced but does not exist, replaced by a fixed one


pdfTeX warning (dest): name{glo:pil} has been referenced but does not exist, replaced by a fixed one


pdfTeX warning (dest): name{glo:sil} has been referenced but does not exist, replaced by a fixed one


pdfTeX warning (dest): name{glo:mil} has been referenced but does not exist, replaced by a fixed one


pdfTeX warning (dest): name{glo:io} has been referenced but does not exist, replaced by a fixed one


pdfTeX warning (dest): name{glo:sdr} has been referenced but does not exist, replaced by a fixed one


pdfTeX warning (dest): name{glo:hdr} has been referenced but does not exist, replaced by a fixed one


pdfTeX warning (dest): name{glo:fov} has been referenced but does not exist, replaced by a fixed one


pdfTeX warning (dest): name{glo:dr} has been referenced but does not exist, replaced by a fixed one


pdfTeX warning (dest): name{glo:dc} has been referenced but does not exist, replaced by a fixed one


pdfTeX warning (dest): name{glo:lcfm} has been referenced but does not exist, replaced by a fixed one


pdfTeX warning (dest): name{glo:afpm} has been referenced but does not exist, replaced by a fixed one


pdfTeX warning (dest): name{glo:fps} has been referenced but does not exist, replaced by a fixed one


pdfTeX warning (dest): name{glo:map} has been referenced but does not exist, replaced by a fixed one


pdfTeX warning (dest): name{glo:ssd} has been referenced but does not exist, replaced by a fixed one


pdfTeX warning (dest): name{glo:yolo} has been referenced but does not exist, replaced by a fixed one


pdfTeX warning (dest): name{glo:spp-net} has been referenced but does not exist, replaced by a fixed one


pdfTeX warning (dest): name{glo:rcnn} has been referenced but does not exist, replaced by a fixed one


pdfTeX warning (dest): name{glo:fcl} has been referenced but does not exist, replaced by a fixed one


pdfTeX warning (dest): name{glo:pl} has been referenced but does not exist, replaced by a fixed one


pdfTeX warning (dest): name{glo:cl} has been referenced but does not exist, replaced by a fixed one


pdfTeX warning (dest): name{glo:cnn} has been referenced but does not exist, replaced by a fixed one


pdfTeX warning (dest): name{glo:nn} has been referenced but does not exist, replaced by a fixed one


pdfTeX warning (dest): name{glo:dnn} has been referenced but does not exist, replaced by a fixed one


pdfTeX warning (dest): name{glo:nms} has been referenced but does not exist, replaced by a fixed one


pdfTeX warning (dest): name{glo:svm} has been referenced but does not exist, replaced by a fixed one


pdfTeX warning (dest): name{glo:ml} has been referenced but does not exist, replaced by a fixed one


pdfTeX warning (dest): name{glo:dpm} has been referenced but does not exist, replaced by a fixed one


pdfTeX warning (dest): name{glo:hog} has been referenced but does not exist, replaced by a fixed one


pdfTeX warning (dest): name{glo:vj} has been referenced but does not exist, replaced by a fixed one


pdfTeX warning (dest): name{glo:roi} has been referenced but does not exist, replaced by a fixed one


pdfTeX warning (dest): name{glo:oem} has been referenced but does not exist, replaced by a fixed one


pdfTeX warning (dest): name{glo:ds} has been referenced but does not exist, replaced by a fixed one


pdfTeX warning (dest): name{glo:hil} has been referenced but does not exist, replaced by a fixed one


pdfTeX warning (dest): name{glo:cs} has been referenced but does not exist, replaced by a fixed one


pdfTeX warning (dest): name{glo:ai} has been referenced but does not exist, replaced by a fixed one


pdfTeX warning (dest): name{glo:dl} has been referenced but does not exist, replaced by a fixed one


pdfTeX warning (dest): name{glo:od} has been referenced but does not exist, replaced by a fixed one


pdfTeX warning (dest): name{glo:sw} has been referenced but does not exist, replaced by a fixed one


pdfTeX warning (dest): name{glo:db} has been referenced but does not exist, replaced by a fixed one

<c:/texlive/2025/texmf-dist/fonts/type1/public/amsfonts/cm/cmmi12.pfb><c:/texlive/2025/texmf-dist/fonts/type1/public/amsfonts/cm/cmr12.pfb><c:/texlive/2025/texmf-dist/fonts/type1/public/amsfonts/cm/cmr8.pfb><c:/texlive/2025/texmf-dist/fonts/type1/public/amsfonts/cm/cmsy10.pfb><c:/texlive/2025/texmf-dist/fonts/type1/public/amsfonts/cm/cmsy8.pfb><c:/texlive/2025/texmf-dist/fonts/type1/public/cm-super/sfbx1200.pfb><c:/texlive/2025/texmf-dist/fonts/type1/public/cm-super/sfbx1440.pfb><c:/texlive/2025/texmf-dist/fonts/type1/public/cm-super/sfbx1728.pfb><c:/texlive/2025/texmf-dist/fonts/type1/public/cm-super/sfbx2488.pfb><c:/texlive/2025/texmf-dist/fonts/type1/public/cm-super/sfcc1200.pfb><c:/texlive/2025/texmf-dist/fonts/type1/public/cm-super/sfrm1095.pfb><c:/texlive/2025/texmf-dist/fonts/type1/public/cm-super/sfrm1200.pfb><c:/texlive/2025/texmf-dist/fonts/type1/public/cm-super/sfrm1440.pfb><c:/texlive/2025/texmf-dist/fonts/type1/public/cm-super/sfti1200.pfb><c:/texlive/2025/texmf-dist/fonts/type1/public/cm-super/sftt1200.pfb>
Output written on main.pdf (62 pages, 9378502 bytes).
PDF statistics:
 1838 PDF objects out of 2073 (max. 8388607)
 1582 compressed objects within 16 object streams
 241 named destinations out of 1000 (max. 500000)
 512 words of extra memory for PDF output out of 10000 (max. 10000000)

